<?xml version="1.0" encoding="UTF-8"?>
<!-- Generated by org.testng.reporters.JUnitReportReporter -->
<testsuite hostname="DESKTOP-I3PT2JI" failures="0" tests="2" name="com.tests.LoginTest" time="21.507" errors="0" timestamp="2021-03-20T19:45:04 ULAT" skipped="0">
  <testcase classname="com.tests.LoginTest" name="freeCrmTitleTest" time="12.762"/>
  <system-out/>
  <testcase classname="com.tests.LoginTest" name="freemCRMLogoTest" time="8.745"/>
  <system-out/>
</testsuite> <!-- com.tests.LoginTest -->
