<?xml version="1.0" encoding="UTF-8"?>
<!-- Generated by org.testng.reporters.JUnitReportReporter -->
<testsuite hostname="DESKTOP-I3PT2JI" failures="0" tests="2" name="com.tests.LoginTest" time="23.686" errors="0" timestamp="2021-03-17T14:09:51 ULAT" skipped="0">
  <testcase classname="com.tests.LoginTest" name="FreeCrmTitleTest" time="11.483"/>
  <system-out/>
  <testcase classname="com.tests.LoginTest" name="FreeCrmLogoImg" time="12.203"/>
  <system-out/>
</testsuite> <!-- com.tests.LoginTest -->
