<?xml version="1.0" encoding="UTF-8"?>
<!-- Generated by org.testng.reporters.JUnitReportReporter -->
<testsuite hostname="DESKTOP-I3PT2JI" failures="0" tests="2" name="com.tests.LoginTest" time="16.597" errors="0" timestamp="20 Mar 2021 11:46:44 GMT" skipped="0">
  <testcase classname="com.tests.LoginTest" name="freeCrmTitleTest" time="7.510"/>
  <testcase classname="com.tests.LoginTest" name="freemCRMLogoTest" time="9.087"/>
</testsuite> <!-- com.tests.LoginTest -->
